<?xml version="1.0" encoding="UTF-8"?>
<!-- Generated by org.testng.reporters.JUnitXMLReporter -->
<testsuite ignored="0" hostname="DESKTOP-UH065KK" failures="0" tests="5" name="Test" time="22.048" errors="0" timestamp="2022-04-07T19:25:48 MDT">
  <testcase classname="tests.CreateAccountTest" name="careateAccount" time="6.017"/>
  <testcase classname="tests.FourTest" name="fourTest" time="3.669"/>
  <testcase classname="tests.TwoTest" name="testTwo" time="3.575"/>
  <testcase classname="tests.LoginTest" name="login" time="1.54"/>
  <testcase classname="tests.ThreeTest" name="testThree" time="3.623"/>
</testsuite> <!-- Test -->
